2012-11-15 17:13:55 Error: [MissingControllerException] Controller class AdminController could not be found.
#0 D:\server\alfa\app\webroot\index.php(92): Dispatcher->dispatch(Object(CakeRequest), Object(CakeResponse))
#1 {main}
2012-11-15 17:14:20 Error: [MissingControllerException] Controller class AdminController could not be found.
#0 D:\server\alfa\app\webroot\index.php(92): Dispatcher->dispatch(Object(CakeRequest), Object(CakeResponse))
#1 {main}
2012-11-15 17:14:21 Error: [MissingControllerException] Controller class AdminController could not be found.
#0 D:\server\alfa\app\webroot\index.php(92): Dispatcher->dispatch(Object(CakeRequest), Object(CakeResponse))
#1 {main}
2012-11-15 17:14:21 Error: [MissingControllerException] Controller class AdminController could not be found.
#0 D:\server\alfa\app\webroot\index.php(92): Dispatcher->dispatch(Object(CakeRequest), Object(CakeResponse))
#1 {main}
2012-11-15 17:14:21 Error: [MissingControllerException] Controller class AdminController could not be found.
#0 D:\server\alfa\app\webroot\index.php(92): Dispatcher->dispatch(Object(CakeRequest), Object(CakeResponse))
#1 {main}
2012-11-15 17:14:21 Error: [MissingControllerException] Controller class AdminController could not be found.
#0 D:\server\alfa\app\webroot\index.php(92): Dispatcher->dispatch(Object(CakeRequest), Object(CakeResponse))
#1 {main}
2012-11-15 17:14:28 Error: [MissingConnectionException] Database connection "Mysql" is missing, or could not be created.
#0 D:\server\alfa\lib\Cake\Model\Datasource\DboSource.php(261): Mysql->connect()
#1 D:\server\alfa\lib\Cake\Model\ConnectionManager.php(101): DboSource->__construct(Array)
#2 D:\server\alfa\lib\Cake\Model\Model.php(3157): ConnectionManager::getDataSource('default')
#3 D:\server\alfa\lib\Cake\Model\Model.php(1092): Model->setDataSource('default')
#4 D:\server\alfa\lib\Cake\Model\Model.php(3179): Model->setSource('config')
#5 D:\server\alfa\lib\Cake\Model\Model.php(2630): Model->getDataSource()
#6 D:\server\alfa\lib\Cake\Model\Model.php(1516): Model->find('first', Array)
#7 D:\server\alfa\app\Plugin\Seo\Controller\SeoController.php(14): Model->read('*', 1)
#8 [internal function]: SeoController->admin_edit()
#9 D:\server\alfa\lib\Cake\Controller\Controller.php(485): ReflectionMethod->invokeArgs(Object(SeoController), Array)
#10 D:\server\alfa\lib\Cake\Routing\Dispatcher.php(186): Controller->invokeAction(Object(CakeRequest))
#11 D:\server\alfa\lib\Cake\Routing\Dispatcher.php(161): Dispatcher->_invoke(Object(SeoController), Object(CakeRequest), Object(CakeResponse))
#12 D:\server\alfa\app\webroot\index.php(92): Dispatcher->dispatch(Object(CakeRequest), Object(CakeResponse))
#13 {main}
2012-11-15 17:14:30 Error: [MissingControllerException] Controller class EditController could not be found.
#0 D:\server\alfa\app\webroot\index.php(92): Dispatcher->dispatch(Object(CakeRequest), Object(CakeResponse))
#1 {main}
2012-11-15 17:15:16 Error: [MissingControllerException] Controller class EditController could not be found.
#0 D:\server\alfa\app\webroot\index.php(92): Dispatcher->dispatch(Object(CakeRequest), Object(CakeResponse))
#1 {main}
2012-11-15 17:15:53 Error: [MissingControllerException] Controller class EditController could not be found.
#0 D:\server\alfa\app\webroot\index.php(92): Dispatcher->dispatch(Object(CakeRequest), Object(CakeResponse))
#1 {main}
2012-11-15 17:15:54 Error: [MissingControllerException] Controller class EditController could not be found.
#0 D:\server\alfa\app\webroot\index.php(92): Dispatcher->dispatch(Object(CakeRequest), Object(CakeResponse))
#1 {main}
2012-11-15 17:15:54 Error: [MissingControllerException] Controller class EditController could not be found.
#0 D:\server\alfa\app\webroot\index.php(92): Dispatcher->dispatch(Object(CakeRequest), Object(CakeResponse))
#1 {main}
2012-11-15 17:15:54 Error: [MissingControllerException] Controller class EditController could not be found.
#0 D:\server\alfa\app\webroot\index.php(92): Dispatcher->dispatch(Object(CakeRequest), Object(CakeResponse))
#1 {main}
2012-11-15 17:15:54 Error: [MissingControllerException] Controller class EditController could not be found.
#0 D:\server\alfa\app\webroot\index.php(92): Dispatcher->dispatch(Object(CakeRequest), Object(CakeResponse))
#1 {main}
2012-11-16 17:08:10 Error: [MissingControllerException] Controller class CssController could not be found.
#0 D:\server\alfa\app\webroot\index.php(92): Dispatcher->dispatch(Object(CakeRequest), Object(CakeResponse))
#1 {main}
2012-11-16 17:08:22 Error: [MissingControllerException] Controller class CssController could not be found.
#0 D:\server\alfa\app\webroot\index.php(92): Dispatcher->dispatch(Object(CakeRequest), Object(CakeResponse))
#1 {main}
2012-11-16 17:08:23 Error: [MissingControllerException] Controller class CssController could not be found.
#0 D:\server\alfa\app\webroot\index.php(92): Dispatcher->dispatch(Object(CakeRequest), Object(CakeResponse))
#1 {main}
2012-11-16 17:08:23 Error: [MissingControllerException] Controller class CssController could not be found.
#0 D:\server\alfa\app\webroot\index.php(92): Dispatcher->dispatch(Object(CakeRequest), Object(CakeResponse))
#1 {main}
2012-11-19 09:27:57 Error: [MissingControllerException] Controller class ImgController could not be found.
#0 D:\server\alfa\app\webroot\index.php(92): Dispatcher->dispatch(Object(CakeRequest), Object(CakeResponse))
#1 {main}
2012-11-19 09:28:58 Error: [MissingControllerException] Controller class ImgController could not be found.
#0 D:\server\alfa\app\webroot\index.php(92): Dispatcher->dispatch(Object(CakeRequest), Object(CakeResponse))
#1 {main}
2012-11-19 16:39:11 Error: [MissingControllerException] Controller class AdminController could not be found.
#0 D:\server\alfa\app\webroot\index.php(92): Dispatcher->dispatch(Object(CakeRequest), Object(CakeResponse))
#1 {main}
2012-11-20 09:35:41 Error: Fatal Error (4): syntax error, unexpected T_ECHO, expecting ',' or ';' in [D:\server\alfa\app\View\Layouts\default.ctp, line 32]
2012-11-20 09:35:41 Error: [FatalErrorException] syntax error, unexpected T_ECHO, expecting ',' or ';'
#0 D:\server\alfa\lib\Cake\Error\ErrorHandler.php(161): ErrorHandler::handleFatalError(4, 'syntax error, u...', 'D:\server\alfa\...', 32)
#1 [internal function]: ErrorHandler::handleError(4, 'syntax error, u...', 'D:\server\alfa\...', 32, Array)
#2 D:\server\alfa\lib\Cake\Core\App.php(926): call_user_func('ErrorHandler::h...', 4, 'syntax error, u...', 'D:\server\alfa\...', 32, Array)
#3 D:\server\alfa\lib\Cake\Core\App.php(899): App::_checkFatalError()
#4 [internal function]: App::shutdown()
#5 {main}
2012-11-20 09:36:14 Error: Fatal Error (4): syntax error, unexpected T_ECHO, expecting ',' or ';' in [D:\server\alfa\app\View\Layouts\default.ctp, line 32]
2012-11-20 09:36:14 Error: [FatalErrorException] syntax error, unexpected T_ECHO, expecting ',' or ';'
#0 D:\server\alfa\lib\Cake\Error\ErrorHandler.php(161): ErrorHandler::handleFatalError(4, 'syntax error, u...', 'D:\server\alfa\...', 32)
#1 [internal function]: ErrorHandler::handleError(4, 'syntax error, u...', 'D:\server\alfa\...', 32, Array)
#2 D:\server\alfa\lib\Cake\Core\App.php(926): call_user_func('ErrorHandler::h...', 4, 'syntax error, u...', 'D:\server\alfa\...', 32, Array)
#3 D:\server\alfa\lib\Cake\Core\App.php(899): App::_checkFatalError()
#4 [internal function]: App::shutdown()
#5 {main}
2012-11-20 09:36:15 Error: Fatal Error (4): syntax error, unexpected T_ECHO, expecting ',' or ';' in [D:\server\alfa\app\View\Layouts\default.ctp, line 32]
2012-11-20 09:36:15 Error: [FatalErrorException] syntax error, unexpected T_ECHO, expecting ',' or ';'
#0 D:\server\alfa\lib\Cake\Error\ErrorHandler.php(161): ErrorHandler::handleFatalError(4, 'syntax error, u...', 'D:\server\alfa\...', 32)
#1 [internal function]: ErrorHandler::handleError(4, 'syntax error, u...', 'D:\server\alfa\...', 32, Array)
#2 D:\server\alfa\lib\Cake\Core\App.php(926): call_user_func('ErrorHandler::h...', 4, 'syntax error, u...', 'D:\server\alfa\...', 32, Array)
#3 D:\server\alfa\lib\Cake\Core\App.php(899): App::_checkFatalError()
#4 [internal function]: App::shutdown()
#5 {main}
2012-11-20 09:36:21 Error: Fatal Error (4): syntax error, unexpected T_ECHO, expecting ',' or ';' in [D:\server\alfa\app\View\Layouts\default.ctp, line 32]
2012-11-20 09:36:21 Error: [FatalErrorException] syntax error, unexpected T_ECHO, expecting ',' or ';'
#0 D:\server\alfa\lib\Cake\Error\ErrorHandler.php(161): ErrorHandler::handleFatalError(4, 'syntax error, u...', 'D:\server\alfa\...', 32)
#1 [internal function]: ErrorHandler::handleError(4, 'syntax error, u...', 'D:\server\alfa\...', 32, Array)
#2 D:\server\alfa\lib\Cake\Core\App.php(926): call_user_func('ErrorHandler::h...', 4, 'syntax error, u...', 'D:\server\alfa\...', 32, Array)
#3 D:\server\alfa\lib\Cake\Core\App.php(899): App::_checkFatalError()
#4 [internal function]: App::shutdown()
#5 {main}
2012-11-20 09:36:22 Error: Fatal Error (4): syntax error, unexpected T_ECHO, expecting ',' or ';' in [D:\server\alfa\app\View\Layouts\default.ctp, line 32]
2012-11-20 09:36:22 Error: [FatalErrorException] syntax error, unexpected T_ECHO, expecting ',' or ';'
#0 D:\server\alfa\lib\Cake\Error\ErrorHandler.php(161): ErrorHandler::handleFatalError(4, 'syntax error, u...', 'D:\server\alfa\...', 32)
#1 [internal function]: ErrorHandler::handleError(4, 'syntax error, u...', 'D:\server\alfa\...', 32, Array)
#2 D:\server\alfa\lib\Cake\Core\App.php(926): call_user_func('ErrorHandler::h...', 4, 'syntax error, u...', 'D:\server\alfa\...', 32, Array)
#3 D:\server\alfa\lib\Cake\Core\App.php(899): App::_checkFatalError()
#4 [internal function]: App::shutdown()
#5 {main}
2012-11-20 10:03:37 Error: [MissingActionException] Action PagesController::display() could not be found.
#0 D:\server\alfa\lib\Cake\Routing\Dispatcher.php(186): Controller->invokeAction(Object(CakeRequest))
#1 D:\server\alfa\lib\Cake\Routing\Dispatcher.php(161): Dispatcher->_invoke(Object(PagesController), Object(CakeRequest), Object(CakeResponse))
#2 D:\server\alfa\app\webroot\index.php(92): Dispatcher->dispatch(Object(CakeRequest), Object(CakeResponse))
#3 {main}
2012-11-20 10:10:10 Error: Fatal Error (1): Class 'AuthComponent' not found in [D:\server\alfa\app\Plugin\Adm\View\Layouts\admin.ctp, line 37]
2012-11-20 10:10:10 Error: [FatalErrorException] Class 'AuthComponent' not found
#0 D:\server\alfa\lib\Cake\Error\ErrorHandler.php(161): ErrorHandler::handleFatalError(1, 'Class 'AuthComp...', 'D:\server\alfa\...', 37)
#1 [internal function]: ErrorHandler::handleError(1, 'Class 'AuthComp...', 'D:\server\alfa\...', 37, Array)
#2 D:\server\alfa\lib\Cake\Core\App.php(926): call_user_func('ErrorHandler::h...', 1, 'Class 'AuthComp...', 'D:\server\alfa\...', 37, Array)
#3 D:\server\alfa\lib\Cake\Core\App.php(899): App::_checkFatalError()
#4 [internal function]: App::shutdown()
#5 {main}
2012-11-20 10:10:13 Error: [MissingControllerException] Controller class EditController could not be found.
#0 D:\server\alfa\app\webroot\index.php(92): Dispatcher->dispatch(Object(CakeRequest), Object(CakeResponse))
#1 {main}
2012-11-20 10:10:18 Error: [MissingControllerException] Controller class AdminController could not be found.
#0 D:\server\alfa\app\webroot\index.php(92): Dispatcher->dispatch(Object(CakeRequest), Object(CakeResponse))
#1 {main}
2012-11-20 10:10:21 Error: [MissingControllerException] Controller class UsuariosController could not be found.
#0 D:\server\alfa\app\webroot\index.php(92): Dispatcher->dispatch(Object(CakeRequest), Object(CakeResponse))
#1 {main}
2012-11-20 10:10:41 Error: [MissingControllerException] Controller class UsuariosController could not be found.
#0 D:\server\alfa\app\webroot\index.php(92): Dispatcher->dispatch(Object(CakeRequest), Object(CakeResponse))
#1 {main}
2012-11-20 10:10:41 Error: Fatal Error (1): Call to a member function allow() on a non-object in [D:\server\alfa\app\Controller\AppController.php, line 11]
2012-11-20 10:10:41 Error: [FatalErrorException] Call to a member function allow() on a non-object
#0 D:\server\alfa\lib\Cake\Error\ErrorHandler.php(161): ErrorHandler::handleFatalError(1, 'Call to a membe...', 'D:\server\alfa\...', 11)
#1 [internal function]: ErrorHandler::handleError(1, 'Call to a membe...', 'D:\server\alfa\...', 11, Array)
#2 D:\server\alfa\lib\Cake\Core\App.php(926): call_user_func('ErrorHandler::h...', 1, 'Call to a membe...', 'D:\server\alfa\...', 11, Array)
#3 D:\server\alfa\lib\Cake\Core\App.php(899): App::_checkFatalError()
#4 [internal function]: App::shutdown()
#5 {main}
2012-11-20 10:11:09 Error: [MissingControllerException] Controller class UsuariosController could not be found.
#0 D:\server\alfa\app\webroot\index.php(92): Dispatcher->dispatch(Object(CakeRequest), Object(CakeResponse))
#1 {main}
2012-11-20 10:11:15 Error: [MissingControllerException] Controller class UsuariosController could not be found.
#0 D:\server\alfa\app\webroot\index.php(92): Dispatcher->dispatch(Object(CakeRequest), Object(CakeResponse))
#1 {main}
2012-11-20 10:11:26 Error: [MissingControllerException] Controller class UsuariosController could not be found.
#0 D:\server\alfa\app\webroot\index.php(92): Dispatcher->dispatch(Object(CakeRequest), Object(CakeResponse))
#1 {main}
2012-11-20 10:11:27 Error: [MissingControllerException] Controller class UsuariosController could not be found.
#0 D:\server\alfa\app\webroot\index.php(92): Dispatcher->dispatch(Object(CakeRequest), Object(CakeResponse))
#1 {main}
2012-11-20 10:11:27 Error: [MissingControllerException] Controller class UsuariosController could not be found.
#0 D:\server\alfa\app\webroot\index.php(92): Dispatcher->dispatch(Object(CakeRequest), Object(CakeResponse))
#1 {main}
2012-11-20 10:11:27 Error: [MissingControllerException] Controller class UsuariosController could not be found.
#0 D:\server\alfa\app\webroot\index.php(92): Dispatcher->dispatch(Object(CakeRequest), Object(CakeResponse))
#1 {main}
2012-11-20 10:11:31 Error: [MissingPluginException] Plugin Usuarios could not be found.
#0 D:\server\alfa\lib\Cake\Core\App.php(364): CakePlugin::path('Usuarios')
#1 D:\server\alfa\lib\Cake\Core\App.php(225): App::pluginPath('Usuarios')
#2 D:\server\alfa\lib\Cake\Core\App.php(542): App::path('Controller/Comp...', 'Usuarios')
#3 [internal function]: App::load('AuthenticateCom...')
#4 [internal function]: spl_autoload_call('AuthenticateCom...')
#5 D:\server\alfa\lib\Cake\Controller\ComponentCollection.php(99): class_exists('AuthenticateCom...')
#6 D:\server\alfa\lib\Cake\Controller\ComponentCollection.php(52): ComponentCollection->load('Usuarios.Authen...', Array)
#7 D:\server\alfa\lib\Cake\Controller\Controller.php(634): ComponentCollection->init(Object(PagesController))
#8 D:\server\alfa\lib\Cake\Routing\Dispatcher.php(182): Controller->constructClasses()
#9 D:\server\alfa\lib\Cake\Routing\Dispatcher.php(161): Dispatcher->_invoke(Object(PagesController), Object(CakeRequest), Object(CakeResponse))
#10 D:\server\alfa\app\webroot\index.php(92): Dispatcher->dispatch(Object(CakeRequest), Object(CakeResponse))
#11 {main}
2012-11-20 11:03:10 Error: [MissingActionException] Action PagesController::idiomas_idiomas() could not be found.
#0 D:\server\alfa\lib\Cake\Routing\Dispatcher.php(186): Controller->invokeAction(Object(CakeRequest))
#1 D:\server\alfa\lib\Cake\Routing\Dispatcher.php(161): Dispatcher->_invoke(Object(PagesController), Object(CakeRequest), Object(CakeResponse))
#2 D:\server\alfa\app\webroot\index.php(92): Dispatcher->dispatch(Object(CakeRequest), Object(CakeResponse))
#3 {main}
2012-11-20 11:03:37 Error: [MissingViewException] View file "D:\server\alfa\app\View\Pages\idiomas_home.ctp" is missing.
#0 D:\server\alfa\lib\Cake\View\View.php(473): View->_getViewFileName(NULL)
#1 D:\server\alfa\lib\Cake\Controller\Controller.php(956): View->render(NULL, NULL)
#2 D:\server\alfa\lib\Cake\Routing\Dispatcher.php(193): Controller->render()
#3 D:\server\alfa\lib\Cake\Routing\Dispatcher.php(161): Dispatcher->_invoke(Object(PagesController), Object(CakeRequest), Object(CakeResponse))
#4 D:\server\alfa\app\webroot\index.php(92): Dispatcher->dispatch(Object(CakeRequest), Object(CakeResponse))
#5 {main}
2012-11-27 15:42:10 Error: [MissingDatasourceConfigException] The datasource configuration "default" was not found in database.php
#0 D:\server\alfa\lib\Cake\Model\ConnectionManager.php(94): ConnectionManager::_getConnectionObject('default')
#1 D:\server\alfa\lib\Cake\Model\Model.php(3157): ConnectionManager::getDataSource('default')
#2 D:\server\alfa\lib\Cake\Model\Model.php(1092): Model->setDataSource('default')
#3 D:\server\alfa\lib\Cake\Model\Model.php(3179): Model->setSource('keywords')
#4 D:\server\alfa\lib\Cake\Model\Model.php(2630): Model->getDataSource()
#5 D:\server\alfa\app\Plugin\Seo\Controller\Component\SeoComponent.php(19): Model->find('all')
#6 [internal function]: SeoComponent->initialize(Object(PagesController))
#7 D:\server\alfa\lib\Cake\Utility\ObjectCollection.php(130): call_user_func_array(Array, Array)
#8 [internal function]: ObjectCollection->trigger(Object(CakeEvent))
#9 D:\server\alfa\lib\Cake\Event\CakeEventManager.php(246): call_user_func(Array, Object(CakeEvent))
#10 D:\server\alfa\lib\Cake\Controller\Controller.php(669): CakeEventManager->dispatch(Object(CakeEvent))
#11 D:\server\alfa\lib\Cake\Routing\Dispatcher.php(183): Controller->startupProcess()
#12 D:\server\alfa\lib\Cake\Routing\Dispatcher.php(161): Dispatcher->_invoke(Object(PagesController), Object(CakeRequest), Object(CakeResponse))
#13 D:\server\alfa\app\webroot\index.php(92): Dispatcher->dispatch(Object(CakeRequest), Object(CakeResponse))
#14 {main}
2012-11-27 15:42:38 Error: [MissingControllerException] Controller class PainelController could not be found.
#0 D:\server\alfa\app\webroot\index.php(92): Dispatcher->dispatch(Object(CakeRequest), Object(CakeResponse))
#1 {main}
2012-11-27 15:43:21 Error: [MissingControllerException] Controller class PainelController could not be found.
#0 D:\server\alfa\app\webroot\index.php(92): Dispatcher->dispatch(Object(CakeRequest), Object(CakeResponse))
#1 {main}
2012-11-27 15:44:03 Error: [MissingPluginException] Plugin Usuarios could not be found.
#0 D:\server\alfa\lib\Cake\Core\App.php(364): CakePlugin::path('Usuarios')
#1 D:\server\alfa\lib\Cake\Core\App.php(225): App::pluginPath('Usuarios')
#2 D:\server\alfa\lib\Cake\Core\App.php(542): App::path('Controller/Comp...', 'Usuarios')
#3 [internal function]: App::load('AuthenticateCom...')
#4 [internal function]: spl_autoload_call('AuthenticateCom...')
#5 D:\server\alfa\lib\Cake\Controller\ComponentCollection.php(99): class_exists('AuthenticateCom...')
#6 D:\server\alfa\lib\Cake\Controller\ComponentCollection.php(52): ComponentCollection->load('Usuarios.Authen...', Array)
#7 D:\server\alfa\lib\Cake\Controller\Controller.php(634): ComponentCollection->init(Object(UsuariosController))
#8 D:\server\alfa\lib\Cake\Routing\Dispatcher.php(182): Controller->constructClasses()
#9 D:\server\alfa\lib\Cake\Routing\Dispatcher.php(161): Dispatcher->_invoke(Object(UsuariosController), Object(CakeRequest), Object(CakeResponse))
#10 D:\server\alfa\app\webroot\index.php(92): Dispatcher->dispatch(Object(CakeRequest), Object(CakeResponse))
#11 {main}
2012-11-27 15:44:12 Error: [MissingPluginException] Plugin Usuarios could not be found.
#0 D:\server\alfa\lib\Cake\Core\App.php(364): CakePlugin::path('Usuarios')
#1 D:\server\alfa\lib\Cake\Core\App.php(225): App::pluginPath('Usuarios')
#2 D:\server\alfa\lib\Cake\Core\App.php(542): App::path('Controller/Comp...', 'Usuarios')
#3 [internal function]: App::load('AuthenticateCom...')
#4 [internal function]: spl_autoload_call('AuthenticateCom...')
#5 D:\server\alfa\lib\Cake\Controller\ComponentCollection.php(99): class_exists('AuthenticateCom...')
#6 D:\server\alfa\lib\Cake\Controller\ComponentCollection.php(52): ComponentCollection->load('Usuarios.Authen...', Array)
#7 D:\server\alfa\lib\Cake\Controller\Controller.php(634): ComponentCollection->init(Object(UsuariosController))
#8 D:\server\alfa\lib\Cake\Routing\Dispatcher.php(182): Controller->constructClasses()
#9 D:\server\alfa\lib\Cake\Routing\Dispatcher.php(161): Dispatcher->_invoke(Object(UsuariosController), Object(CakeRequest), Object(CakeResponse))
#10 D:\server\alfa\app\webroot\index.php(92): Dispatcher->dispatch(Object(CakeRequest), Object(CakeResponse))
#11 {main}
2012-11-27 15:45:08 Error: [MissingPluginException] Plugin Usuarios could not be found.
#0 D:\server\alfa\lib\Cake\Core\App.php(364): CakePlugin::path('Usuarios')
#1 D:\server\alfa\lib\Cake\Core\App.php(225): App::pluginPath('Usuarios')
#2 D:\server\alfa\lib\Cake\Core\App.php(542): App::path('Controller/Comp...', 'Usuarios')
#3 [internal function]: App::load('AuthenticateCom...')
#4 [internal function]: spl_autoload_call('AuthenticateCom...')
#5 D:\server\alfa\lib\Cake\Controller\ComponentCollection.php(99): class_exists('AuthenticateCom...')
#6 D:\server\alfa\lib\Cake\Controller\ComponentCollection.php(52): ComponentCollection->load('Usuarios.Authen...', Array)
#7 D:\server\alfa\lib\Cake\Controller\Controller.php(634): ComponentCollection->init(Object(UsuariosController))
#8 D:\server\alfa\lib\Cake\Routing\Dispatcher.php(182): Controller->constructClasses()
#9 D:\server\alfa\lib\Cake\Routing\Dispatcher.php(161): Dispatcher->_invoke(Object(UsuariosController), Object(CakeRequest), Object(CakeResponse))
#10 D:\server\alfa\app\webroot\index.php(92): Dispatcher->dispatch(Object(CakeRequest), Object(CakeResponse))
#11 {main}
2012-11-27 15:45:14 Error: [MissingPluginException] Plugin Usuarios could not be found.
#0 D:\server\alfa\lib\Cake\Core\App.php(364): CakePlugin::path('Usuarios')
#1 D:\server\alfa\lib\Cake\Core\App.php(225): App::pluginPath('Usuarios')
#2 D:\server\alfa\lib\Cake\Core\App.php(542): App::path('Controller/Comp...', 'Usuarios')
#3 [internal function]: App::load('AuthenticateCom...')
#4 [internal function]: spl_autoload_call('AuthenticateCom...')
#5 D:\server\alfa\lib\Cake\Controller\ComponentCollection.php(99): class_exists('AuthenticateCom...')
#6 D:\server\alfa\lib\Cake\Controller\ComponentCollection.php(52): ComponentCollection->load('Usuarios.Authen...', Array)
#7 D:\server\alfa\lib\Cake\Controller\Controller.php(634): ComponentCollection->init(Object(UsuariosController))
#8 D:\server\alfa\lib\Cake\Routing\Dispatcher.php(182): Controller->constructClasses()
#9 D:\server\alfa\lib\Cake\Routing\Dispatcher.php(161): Dispatcher->_invoke(Object(UsuariosController), Object(CakeRequest), Object(CakeResponse))
#10 D:\server\alfa\app\webroot\index.php(92): Dispatcher->dispatch(Object(CakeRequest), Object(CakeResponse))
#11 {main}
2012-11-27 15:45:40 Error: [MissingPluginException] Plugin Usuarios could not be found.
#0 D:\server\alfa\lib\Cake\Core\App.php(364): CakePlugin::path('Usuarios')
#1 D:\server\alfa\lib\Cake\Core\App.php(225): App::pluginPath('Usuarios')
#2 D:\server\alfa\lib\Cake\Core\App.php(542): App::path('Controller/Comp...', 'Usuarios')
#3 [internal function]: App::load('AuthenticateCom...')
#4 [internal function]: spl_autoload_call('AuthenticateCom...')
#5 D:\server\alfa\lib\Cake\Controller\ComponentCollection.php(99): class_exists('AuthenticateCom...')
#6 D:\server\alfa\lib\Cake\Controller\ComponentCollection.php(52): ComponentCollection->load('Usuarios.Authen...', Array)
#7 D:\server\alfa\lib\Cake\Controller\Controller.php(634): ComponentCollection->init(Object(UsuariosController))
#8 D:\server\alfa\lib\Cake\Routing\Dispatcher.php(182): Controller->constructClasses()
#9 D:\server\alfa\lib\Cake\Routing\Dispatcher.php(161): Dispatcher->_invoke(Object(UsuariosController), Object(CakeRequest), Object(CakeResponse))
#10 D:\server\alfa\app\webroot\index.php(92): Dispatcher->dispatch(Object(CakeRequest), Object(CakeResponse))
#11 {main}
2012-11-27 15:45:55 Error: [MissingPluginException] Plugin Usuarios could not be found.
#0 D:\server\alfa\lib\Cake\Core\App.php(364): CakePlugin::path('Usuarios')
#1 D:\server\alfa\lib\Cake\Core\App.php(225): App::pluginPath('Usuarios')
#2 D:\server\alfa\lib\Cake\Core\App.php(542): App::path('Controller/Comp...', 'Usuarios')
#3 [internal function]: App::load('AuthenticateCom...')
#4 [internal function]: spl_autoload_call('AuthenticateCom...')
#5 D:\server\alfa\lib\Cake\Controller\ComponentCollection.php(99): class_exists('AuthenticateCom...')
#6 D:\server\alfa\lib\Cake\Controller\ComponentCollection.php(52): ComponentCollection->load('Usuarios.Authen...', Array)
#7 D:\server\alfa\lib\Cake\Controller\Controller.php(634): ComponentCollection->init(Object(UsuariosController))
#8 D:\server\alfa\lib\Cake\Routing\Dispatcher.php(182): Controller->constructClasses()
#9 D:\server\alfa\lib\Cake\Routing\Dispatcher.php(161): Dispatcher->_invoke(Object(UsuariosController), Object(CakeRequest), Object(CakeResponse))
#10 D:\server\alfa\app\webroot\index.php(92): Dispatcher->dispatch(Object(CakeRequest), Object(CakeResponse))
#11 {main}
2012-11-27 15:45:58 Error: [MissingPluginException] Plugin Usuarios could not be found.
#0 D:\server\alfa\lib\Cake\Core\App.php(364): CakePlugin::path('Usuarios')
#1 D:\server\alfa\lib\Cake\Core\App.php(225): App::pluginPath('Usuarios')
#2 D:\server\alfa\lib\Cake\Core\App.php(542): App::path('Controller/Comp...', 'Usuarios')
#3 [internal function]: App::load('AuthenticateCom...')
#4 [internal function]: spl_autoload_call('AuthenticateCom...')
#5 D:\server\alfa\lib\Cake\Controller\ComponentCollection.php(99): class_exists('AuthenticateCom...')
#6 D:\server\alfa\lib\Cake\Controller\ComponentCollection.php(52): ComponentCollection->load('Usuarios.Authen...', Array)
#7 D:\server\alfa\lib\Cake\Controller\Controller.php(634): ComponentCollection->init(Object(PagesController))
#8 D:\server\alfa\lib\Cake\Routing\Dispatcher.php(182): Controller->constructClasses()
#9 D:\server\alfa\lib\Cake\Routing\Dispatcher.php(161): Dispatcher->_invoke(Object(PagesController), Object(CakeRequest), Object(CakeResponse))
#10 D:\server\alfa\app\webroot\index.php(92): Dispatcher->dispatch(Object(CakeRequest), Object(CakeResponse))
#11 {main}
2012-11-27 15:46:02 Error: [MissingPluginException] Plugin Usuarios could not be found.
#0 D:\server\alfa\lib\Cake\Core\App.php(364): CakePlugin::path('Usuarios')
#1 D:\server\alfa\lib\Cake\Core\App.php(225): App::pluginPath('Usuarios')
#2 D:\server\alfa\lib\Cake\Core\App.php(542): App::path('Controller/Comp...', 'Usuarios')
#3 [internal function]: App::load('AuthenticateCom...')
#4 [internal function]: spl_autoload_call('AuthenticateCom...')
#5 D:\server\alfa\lib\Cake\Controller\ComponentCollection.php(99): class_exists('AuthenticateCom...')
#6 D:\server\alfa\lib\Cake\Controller\ComponentCollection.php(52): ComponentCollection->load('Usuarios.Authen...', Array)
#7 D:\server\alfa\lib\Cake\Controller\Controller.php(634): ComponentCollection->init(Object(PagesController))
#8 D:\server\alfa\lib\Cake\Routing\Dispatcher.php(182): Controller->constructClasses()
#9 D:\server\alfa\lib\Cake\Routing\Dispatcher.php(161): Dispatcher->_invoke(Object(PagesController), Object(CakeRequest), Object(CakeResponse))
#10 D:\server\alfa\app\webroot\index.php(92): Dispatcher->dispatch(Object(CakeRequest), Object(CakeResponse))
#11 {main}
2012-11-27 15:47:14 Error: [MissingPluginException] Plugin Usuarios could not be found.
#0 D:\server\alfa\lib\Cake\Core\App.php(364): CakePlugin::path('Usuarios')
#1 D:\server\alfa\lib\Cake\Core\App.php(225): App::pluginPath('Usuarios')
#2 D:\server\alfa\lib\Cake\Core\App.php(542): App::path('Controller/Comp...', 'Usuarios')
#3 [internal function]: App::load('AuthenticateCom...')
#4 [internal function]: spl_autoload_call('AuthenticateCom...')
#5 D:\server\alfa\lib\Cake\Controller\ComponentCollection.php(99): class_exists('AuthenticateCom...')
#6 D:\server\alfa\lib\Cake\Controller\ComponentCollection.php(52): ComponentCollection->load('Usuarios.Authen...', Array)
#7 D:\server\alfa\lib\Cake\Controller\Controller.php(634): ComponentCollection->init(Object(PagesController))
#8 D:\server\alfa\lib\Cake\Routing\Dispatcher.php(182): Controller->constructClasses()
#9 D:\server\alfa\lib\Cake\Routing\Dispatcher.php(161): Dispatcher->_invoke(Object(PagesController), Object(CakeRequest), Object(CakeResponse))
#10 D:\server\alfa\app\webroot\index.php(92): Dispatcher->dispatch(Object(CakeRequest), Object(CakeResponse))
#11 {main}
2012-11-27 15:48:05 Error: [MissingTableException] Table tb_sectors for model Sector was not found in datasource default.
#0 D:\server\alfa\lib\Cake\Model\Model.php(3179): Model->setSource('sectors')
#1 D:\server\alfa\lib\Cake\Model\Model.php(1301): Model->getDataSource()
#2 D:\server\alfa\lib\Cake\Model\Model.php(1389): Model->schema()
#3 D:\server\alfa\app\Plugin\Painel\Model\PainelAppModel.php(10): Model->hasField('created')
#4 [internal function]: PainelAppModel->beforeFind(Array)
#5 D:\server\alfa\lib\Cake\Event\CakeEventManager.php(244): call_user_func_array(Array, Array)
#6 D:\server\alfa\lib\Cake\Model\Model.php(2685): CakeEventManager->dispatch(Object(CakeEvent))
#7 D:\server\alfa\lib\Cake\Model\Model.php(2625): Model->buildQuery('all', Array)
#8 D:\server\alfa\app\Plugin\Painel\Controller\Component\LockerComponent.php(54): Model->find('all', Array)
#9 D:\server\alfa\app\Plugin\Painel\Controller\Component\LockerComponent.php(35): LockerComponent->setupModels()
#10 [internal function]: LockerComponent->initialize(Object(UsuariosController))
#11 D:\server\alfa\lib\Cake\Utility\ObjectCollection.php(130): call_user_func_array(Array, Array)
#12 [internal function]: ObjectCollection->trigger(Object(CakeEvent))
#13 D:\server\alfa\lib\Cake\Event\CakeEventManager.php(246): call_user_func(Array, Object(CakeEvent))
#14 D:\server\alfa\lib\Cake\Controller\Controller.php(669): CakeEventManager->dispatch(Object(CakeEvent))
#15 D:\server\alfa\lib\Cake\Routing\Dispatcher.php(183): Controller->startupProcess()
#16 D:\server\alfa\lib\Cake\Routing\Dispatcher.php(161): Dispatcher->_invoke(Object(UsuariosController), Object(CakeRequest), Object(CakeResponse))
#17 D:\server\alfa\app\webroot\index.php(92): Dispatcher->dispatch(Object(CakeRequest), Object(CakeResponse))
#18 {main}
2012-11-27 15:48:25 Error: Fatal Error (1): Call to a member function allow() on a non-object in [D:\server\alfa\app\Controller\AppController.php, line 11]
2012-11-27 15:48:25 Error: [FatalErrorException] Call to a member function allow() on a non-object
#0 D:\server\alfa\lib\Cake\Error\ErrorHandler.php(161): ErrorHandler::handleFatalError(1, 'Call to a membe...', 'D:\server\alfa\...', 11)
#1 [internal function]: ErrorHandler::handleError(1, 'Call to a membe...', 'D:\server\alfa\...', 11, Array)
#2 D:\server\alfa\lib\Cake\Core\App.php(926): call_user_func('ErrorHandler::h...', 1, 'Call to a membe...', 'D:\server\alfa\...', 11, Array)
#3 D:\server\alfa\lib\Cake\Core\App.php(899): App::_checkFatalError()
#4 [internal function]: App::shutdown()
#5 {main}
2012-11-27 15:48:56 Error: [MissingHelperException] Helper class DateHelper could not be found.
#0 D:\server\alfa\lib\Cake\View\HelperCollection.php(62): HelperCollection->load('Date')
#1 D:\server\alfa\lib\Cake\View\View.php(813): HelperCollection->__isset('Date')
#2 D:\server\alfa\app\View\Elements\header.ctp(4): View->__get('Date')
#3 D:\server\alfa\lib\Cake\View\View.php(921): include('D:\server\alfa\...')
#4 D:\server\alfa\lib\Cake\View\View.php(884): View->_evaluate('D:\server\alfa\...', Array)
#5 D:\server\alfa\lib\Cake\View\View.php(422): View->_render('D:\server\alfa\...', Array)
#6 D:\server\alfa\app\View\Layouts\default.ctp(30): View->element('header')
#7 D:\server\alfa\lib\Cake\View\View.php(921): include('D:\server\alfa\...')
#8 D:\server\alfa\lib\Cake\View\View.php(884): View->_evaluate('D:\server\alfa\...', Array)
#9 D:\server\alfa\lib\Cake\View\View.php(540): View->_render('D:\server\alfa\...')
#10 D:\server\alfa\lib\Cake\View\View.php(484): View->renderLayout('', 'default')
#11 D:\server\alfa\lib\Cake\Controller\Controller.php(956): View->render(NULL, NULL)
#12 D:\server\alfa\lib\Cake\Routing\Dispatcher.php(193): Controller->render()
#13 D:\server\alfa\lib\Cake\Routing\Dispatcher.php(161): Dispatcher->_invoke(Object(PagesController), Object(CakeRequest), Object(CakeResponse))
#14 D:\server\alfa\app\webroot\index.php(92): Dispatcher->dispatch(Object(CakeRequest), Object(CakeResponse))
#15 {main}
2012-11-27 15:50:18 Error: [MissingHelperException] Helper class DateHelper could not be found.
#0 D:\server\alfa\lib\Cake\View\HelperCollection.php(62): HelperCollection->load('Date')
#1 D:\server\alfa\lib\Cake\View\View.php(813): HelperCollection->__isset('Date')
#2 D:\server\alfa\app\View\Elements\header.ctp(4): View->__get('Date')
#3 D:\server\alfa\lib\Cake\View\View.php(921): include('D:\server\alfa\...')
#4 D:\server\alfa\lib\Cake\View\View.php(884): View->_evaluate('D:\server\alfa\...', Array)
#5 D:\server\alfa\lib\Cake\View\View.php(422): View->_render('D:\server\alfa\...', Array)
#6 D:\server\alfa\app\View\Layouts\default.ctp(30): View->element('header')
#7 D:\server\alfa\lib\Cake\View\View.php(921): include('D:\server\alfa\...')
#8 D:\server\alfa\lib\Cake\View\View.php(884): View->_evaluate('D:\server\alfa\...', Array)
#9 D:\server\alfa\lib\Cake\View\View.php(540): View->_render('D:\server\alfa\...')
#10 D:\server\alfa\lib\Cake\View\View.php(484): View->renderLayout('', 'default')
#11 D:\server\alfa\lib\Cake\Controller\Controller.php(956): View->render(NULL, NULL)
#12 D:\server\alfa\lib\Cake\Routing\Dispatcher.php(193): Controller->render()
#13 D:\server\alfa\lib\Cake\Routing\Dispatcher.php(161): Dispatcher->_invoke(Object(PagesController), Object(CakeRequest), Object(CakeResponse))
#14 D:\server\alfa\app\webroot\index.php(92): Dispatcher->dispatch(Object(CakeRequest), Object(CakeResponse))
#15 {main}
2012-11-27 15:51:25 Error: [MissingControllerException] Controller class UsuariosController could not be found.
#0 D:\server\alfa\app\webroot\index.php(92): Dispatcher->dispatch(Object(CakeRequest), Object(CakeResponse))
#1 {main}
2012-11-27 15:55:09 Error: [MissingHelperException] Helper class DateHelper could not be found.
#0 D:\server\alfa\lib\Cake\View\HelperCollection.php(62): HelperCollection->load('Date')
#1 D:\server\alfa\lib\Cake\View\View.php(813): HelperCollection->__isset('Date')
#2 D:\server\alfa\app\View\Elements\header.ctp(4): View->__get('Date')
#3 D:\server\alfa\lib\Cake\View\View.php(921): include('D:\server\alfa\...')
#4 D:\server\alfa\lib\Cake\View\View.php(884): View->_evaluate('D:\server\alfa\...', Array)
#5 D:\server\alfa\lib\Cake\View\View.php(422): View->_render('D:\server\alfa\...', Array)
#6 D:\server\alfa\app\View\Layouts\default.ctp(30): View->element('header')
#7 D:\server\alfa\lib\Cake\View\View.php(921): include('D:\server\alfa\...')
#8 D:\server\alfa\lib\Cake\View\View.php(884): View->_evaluate('D:\server\alfa\...', Array)
#9 D:\server\alfa\lib\Cake\View\View.php(540): View->_render('D:\server\alfa\...')
#10 D:\server\alfa\lib\Cake\View\View.php(484): View->renderLayout('', 'default')
#11 D:\server\alfa\lib\Cake\Controller\Controller.php(956): View->render(NULL, NULL)
#12 D:\server\alfa\lib\Cake\Routing\Dispatcher.php(193): Controller->render()
#13 D:\server\alfa\lib\Cake\Routing\Dispatcher.php(161): Dispatcher->_invoke(Object(PagesController), Object(CakeRequest), Object(CakeResponse))
#14 D:\server\alfa\app\webroot\index.php(92): Dispatcher->dispatch(Object(CakeRequest), Object(CakeResponse))
#15 {main}
2012-11-27 15:56:33 Error: [MissingHelperException] Helper class DateHelper could not be found.
#0 D:\server\alfa\lib\Cake\View\HelperCollection.php(62): HelperCollection->load('Date')
#1 D:\server\alfa\lib\Cake\View\View.php(813): HelperCollection->__isset('Date')
#2 D:\server\alfa\app\View\Elements\header.ctp(4): View->__get('Date')
#3 D:\server\alfa\lib\Cake\View\View.php(921): include('D:\server\alfa\...')
#4 D:\server\alfa\lib\Cake\View\View.php(884): View->_evaluate('D:\server\alfa\...', Array)
#5 D:\server\alfa\lib\Cake\View\View.php(422): View->_render('D:\server\alfa\...', Array)
#6 D:\server\alfa\app\View\Layouts\default.ctp(30): View->element('header')
#7 D:\server\alfa\lib\Cake\View\View.php(921): include('D:\server\alfa\...')
#8 D:\server\alfa\lib\Cake\View\View.php(884): View->_evaluate('D:\server\alfa\...', Array)
#9 D:\server\alfa\lib\Cake\View\View.php(540): View->_render('D:\server\alfa\...')
#10 D:\server\alfa\lib\Cake\View\View.php(484): View->renderLayout('', 'default')
#11 D:\server\alfa\lib\Cake\Controller\Controller.php(956): View->render(NULL, NULL)
#12 D:\server\alfa\lib\Cake\Routing\Dispatcher.php(193): Controller->render()
#13 D:\server\alfa\lib\Cake\Routing\Dispatcher.php(161): Dispatcher->_invoke(Object(PagesController), Object(CakeRequest), Object(CakeResponse))
#14 D:\server\alfa\app\webroot\index.php(92): Dispatcher->dispatch(Object(CakeRequest), Object(CakeResponse))
#15 {main}
2012-11-27 15:57:58 Error: [MissingControllerException] Controller class TesteController could not be found.
#0 D:\server\alfa\app\webroot\index.php(92): Dispatcher->dispatch(Object(CakeRequest), Object(CakeResponse))
#1 {main}
2012-11-27 15:59:24 Error: Fatal Error (1): Call to undefined method PagesController::cakeError() in [D:\server\alfa\app\Controller\AppController.php, line 17]
2012-11-27 15:59:24 Error: [FatalErrorException] Call to undefined method PagesController::cakeError()
#0 D:\server\alfa\lib\Cake\Error\ErrorHandler.php(161): ErrorHandler::handleFatalError(1, 'Call to undefin...', 'D:\server\alfa\...', 17)
#1 [internal function]: ErrorHandler::handleError(1, 'Call to undefin...', 'D:\server\alfa\...', 17, Array)
#2 D:\server\alfa\lib\Cake\Core\App.php(926): call_user_func('ErrorHandler::h...', 1, 'Call to undefin...', 'D:\server\alfa\...', 17, Array)
#3 D:\server\alfa\lib\Cake\Core\App.php(899): App::_checkFatalError()
#4 [internal function]: App::shutdown()
#5 {main}
2012-11-27 16:18:41 Error: [MissingControllerException] Controller class TesteController could not be found.
#0 D:\server\alfa\app\webroot\index.php(92): Dispatcher->dispatch(Object(CakeRequest), Object(CakeResponse))
#1 {main}
2012-11-27 17:02:31 Error: [MissingControllerException] Controller class IdiomasController could not be found.
#0 D:\server\alfa\app\webroot\index.php(92): Dispatcher->dispatch(Object(CakeRequest), Object(CakeResponse))
#1 {main}
2012-11-27 17:46:06 Error: [MissingControllerException] Controller class NoticiasController could not be found.
#0 D:\server\alfa\app\webroot\index.php(92): Dispatcher->dispatch(Object(CakeRequest), Object(CakeResponse))
#1 {main}
2012-11-27 17:47:45 Error: [MissingViewException] View file "D:\server\alfa\app\Plugin\Noticias\View\Noticias\admin_index.ctp" is missing.
#0 D:\server\alfa\lib\Cake\View\View.php(473): View->_getViewFileName(NULL)
#1 D:\server\alfa\lib\Cake\Controller\Controller.php(956): View->render(NULL, NULL)
#2 D:\server\alfa\lib\Cake\Routing\Dispatcher.php(193): Controller->render()
#3 D:\server\alfa\lib\Cake\Routing\Dispatcher.php(161): Dispatcher->_invoke(Object(NoticiasController), Object(CakeRequest), Object(CakeResponse))
#4 D:\server\alfa\app\webroot\index.php(92): Dispatcher->dispatch(Object(CakeRequest), Object(CakeResponse))
#5 {main}
2012-11-27 17:48:17 Error: [MissingHelperException] Helper class AdminHelper could not be found.
#0 D:\server\alfa\lib\Cake\View\HelperCollection.php(65): HelperCollection->load('Noticias.Admin')
#1 D:\server\alfa\lib\Cake\View\View.php(813): HelperCollection->__isset('Admin')
#2 D:\server\alfa\app\Plugin\Painel\View\Layouts\admin.ctp(26): View->__get('Admin')
#3 D:\server\alfa\lib\Cake\View\View.php(921): include('D:\server\alfa\...')
#4 D:\server\alfa\lib\Cake\View\View.php(884): View->_evaluate('D:\server\alfa\...', Array)
#5 D:\server\alfa\lib\Cake\View\View.php(540): View->_render('D:\server\alfa\...')
#6 D:\server\alfa\lib\Cake\View\View.php(484): View->renderLayout('', 'Painel.admin')
#7 D:\server\alfa\lib\Cake\Controller\Controller.php(956): View->render(NULL, NULL)
#8 D:\server\alfa\lib\Cake\Routing\Dispatcher.php(193): Controller->render()
#9 D:\server\alfa\lib\Cake\Routing\Dispatcher.php(161): Dispatcher->_invoke(Object(NoticiasController), Object(CakeRequest), Object(CakeResponse))
#10 D:\server\alfa\app\webroot\index.php(92): Dispatcher->dispatch(Object(CakeRequest), Object(CakeResponse))
#11 {main}
2012-11-27 17:48:59 Error: [MissingControllerException] Controller class NotiicasController could not be found.
#0 D:\server\alfa\app\webroot\index.php(92): Dispatcher->dispatch(Object(CakeRequest), Object(CakeResponse))
#1 {main}
2012-11-27 17:49:17 Error: [MissingControllerException] Controller class NoticicasController could not be found.
#0 D:\server\alfa\app\webroot\index.php(92): Dispatcher->dispatch(Object(CakeRequest), Object(CakeResponse))
#1 {main}
2012-11-27 17:49:27 Error: [MissingControllerException] Controller class NoticicasController could not be found.
#0 D:\server\alfa\app\webroot\index.php(92): Dispatcher->dispatch(Object(CakeRequest), Object(CakeResponse))
#1 {main}
2012-11-27 17:49:42 Error: [MissingControllerException] Controller class NoticicasController could not be found.
#0 D:\server\alfa\app\webroot\index.php(92): Dispatcher->dispatch(Object(CakeRequest), Object(CakeResponse))
#1 {main}
2012-11-27 17:49:47 Error: [MissingViewException] View file "D:\server\alfa\app\Plugin\Noticias\View\Noticias\admin_add.ctp" is missing.
#0 D:\server\alfa\lib\Cake\View\View.php(473): View->_getViewFileName(NULL)
#1 D:\server\alfa\lib\Cake\Controller\Controller.php(956): View->render(NULL, NULL)
#2 D:\server\alfa\lib\Cake\Routing\Dispatcher.php(193): Controller->render()
#3 D:\server\alfa\lib\Cake\Routing\Dispatcher.php(161): Dispatcher->_invoke(Object(NoticiasController), Object(CakeRequest), Object(CakeResponse))
#4 D:\server\alfa\app\webroot\index.php(92): Dispatcher->dispatch(Object(CakeRequest), Object(CakeResponse))
#5 {main}
2012-11-27 17:58:43 Error: [MissingTableException] Table noticias for model Noticia was not found in datasource default.
#0 D:\server\alfa\lib\Cake\Model\Model.php(3179): Model->setSource('noticias')
#1 D:\server\alfa\lib\Cake\Model\Model.php(1301): Model->getDataSource()
#2 D:\server\alfa\lib\Cake\View\Helper\FormHelper.php(197): Model->schema()
#3 D:\server\alfa\lib\Cake\View\Helper\FormHelper.php(438): FormHelper->_introspectModel('Noticia', 'fields')
#4 D:\server\alfa\app\Plugin\Noticias\View\Noticias\admin_editor.ctp(2): FormHelper->create('Noticia', Array)
#5 D:\server\alfa\lib\Cake\View\View.php(921): include('D:\server\alfa\...')
#6 D:\server\alfa\lib\Cake\View\View.php(884): View->_evaluate('D:\server\alfa\...', Array)
#7 D:\server\alfa\lib\Cake\View\View.php(476): View->_render('D:\server\alfa\...')
#8 D:\server\alfa\lib\Cake\Controller\Controller.php(956): View->render(NULL, NULL)
#9 D:\server\alfa\lib\Cake\Routing\Dispatcher.php(193): Controller->render()
#10 D:\server\alfa\lib\Cake\Routing\Dispatcher.php(161): Dispatcher->_invoke(Object(NoticiasController), Object(CakeRequest), Object(CakeResponse))
#11 D:\server\alfa\app\webroot\index.php(92): Dispatcher->dispatch(Object(CakeRequest), Object(CakeResponse))
#12 {main}
2012-11-28 09:33:54 Error: [MissingControllerException] Controller class JqueryController could not be found.
#0 D:\server\alfa\app\webroot\index.php(92): Dispatcher->dispatch(Object(CakeRequest), Object(CakeResponse))
#1 {main}
2012-11-28 09:33:54 Error: [MissingControllerException] Controller class JcropController could not be found.
#0 D:\server\alfa\app\webroot\index.php(92): Dispatcher->dispatch(Object(CakeRequest), Object(CakeResponse))
#1 {main}
2012-11-28 09:34:16 Error: [MissingControllerException] Controller class JqueryController could not be found.
#0 D:\server\alfa\app\webroot\index.php(92): Dispatcher->dispatch(Object(CakeRequest), Object(CakeResponse))
#1 {main}
2012-11-28 09:34:16 Error: [MissingControllerException] Controller class JcropController could not be found.
#0 D:\server\alfa\app\webroot\index.php(92): Dispatcher->dispatch(Object(CakeRequest), Object(CakeResponse))
#1 {main}
2012-11-28 09:34:30 Error: [MissingControllerException] Controller class JcropController could not be found.
#0 D:\server\alfa\app\webroot\index.php(92): Dispatcher->dispatch(Object(CakeRequest), Object(CakeResponse))
#1 {main}
2012-11-28 09:35:08 Error: [MissingControllerException] Controller class JqueryController could not be found.
#0 D:\server\alfa\app\webroot\index.php(92): Dispatcher->dispatch(Object(CakeRequest), Object(CakeResponse))
#1 {main}
2012-11-28 09:35:24 Error: [MissingControllerException] Controller class JqueryController could not be found.
#0 D:\server\alfa\app\webroot\index.php(92): Dispatcher->dispatch(Object(CakeRequest), Object(CakeResponse))
#1 {main}
2012-11-28 10:15:54 Error: [MissingViewException] View file "D:\server\alfa\app\Plugin\Painel\View\Galleries\admin_index.ctp" is missing.
#0 D:\server\alfa\lib\Cake\View\View.php(473): View->_getViewFileName(NULL)
#1 D:\server\alfa\lib\Cake\Controller\Controller.php(956): View->render(NULL, NULL)
#2 D:\server\alfa\lib\Cake\Routing\Dispatcher.php(193): Controller->render()
#3 D:\server\alfa\lib\Cake\Routing\Dispatcher.php(161): Dispatcher->_invoke(Object(GalleriesController), Object(CakeRequest), Object(CakeResponse))
#4 D:\server\alfa\app\webroot\index.php(92): Dispatcher->dispatch(Object(CakeRequest), Object(CakeResponse))
#5 {main}
2012-11-28 10:17:17 Error: [MissingViewException] View file "D:\server\alfa\app\Plugin\Painel\View\Galleries\admin_manager.ctp" is missing.
#0 D:\server\alfa\lib\Cake\View\View.php(473): View->_getViewFileName(NULL)
#1 D:\server\alfa\lib\Cake\Controller\Controller.php(956): View->render(NULL, NULL)
#2 D:\server\alfa\lib\Cake\Routing\Dispatcher.php(193): Controller->render()
#3 D:\server\alfa\lib\Cake\Routing\Dispatcher.php(161): Dispatcher->_invoke(Object(GalleriesController), Object(CakeRequest), Object(CakeResponse))
#4 D:\server\alfa\app\webroot\index.php(92): Dispatcher->dispatch(Object(CakeRequest), Object(CakeResponse))
#5 {main}
2012-11-28 11:19:58 Error: [MissingActionException] Action TaxonomiesController::admin_index() could not be found.
#0 D:\server\alfa\lib\Cake\Routing\Dispatcher.php(186): Controller->invokeAction(Object(CakeRequest))
#1 D:\server\alfa\lib\Cake\Routing\Dispatcher.php(161): Dispatcher->_invoke(Object(TaxonomiesController), Object(CakeRequest), Object(CakeResponse))
#2 D:\server\alfa\app\webroot\index.php(92): Dispatcher->dispatch(Object(CakeRequest), Object(CakeResponse))
#3 {main}
2012-11-28 11:42:54 Error: [MissingViewException] View file "D:\server\alfa\app\Plugin\Taxonomy\View\Taxonomies\admin_index.ctp" is missing.
#0 D:\server\alfa\lib\Cake\View\View.php(473): View->_getViewFileName(NULL)
#1 D:\server\alfa\lib\Cake\Controller\Controller.php(956): View->render(NULL, NULL)
#2 D:\server\alfa\lib\Cake\Routing\Dispatcher.php(193): Controller->render()
#3 D:\server\alfa\lib\Cake\Routing\Dispatcher.php(161): Dispatcher->_invoke(Object(TaxonomiesController), Object(CakeRequest), Object(CakeResponse))
#4 D:\server\alfa\app\webroot\index.php(92): Dispatcher->dispatch(Object(CakeRequest), Object(CakeResponse))
#5 {main}
2012-11-28 12:00:12 Error: [MissingViewException] View file "D:\server\alfa\app\Plugin\Taxonomy\View\Taxonomies\admin_index.ctp" is missing.
#0 D:\server\alfa\lib\Cake\View\View.php(473): View->_getViewFileName(NULL)
#1 D:\server\alfa\lib\Cake\Controller\Controller.php(956): View->render(NULL, NULL)
#2 D:\server\alfa\lib\Cake\Routing\Dispatcher.php(193): Controller->render()
#3 D:\server\alfa\lib\Cake\Routing\Dispatcher.php(161): Dispatcher->_invoke(Object(TaxonomiesController), Object(CakeRequest), Object(CakeResponse))
#4 D:\server\alfa\app\webroot\index.php(92): Dispatcher->dispatch(Object(CakeRequest), Object(CakeResponse))
#5 {main}
2012-11-28 12:00:37 Error: [MissingViewException] View file "D:\server\alfa\app\Plugin\Taxonomy\View\Taxonomies\admin_index.ctp" is missing.
#0 D:\server\alfa\lib\Cake\View\View.php(473): View->_getViewFileName(NULL)
#1 D:\server\alfa\lib\Cake\Controller\Controller.php(956): View->render(NULL, NULL)
#2 D:\server\alfa\lib\Cake\Routing\Dispatcher.php(193): Controller->render()
#3 D:\server\alfa\lib\Cake\Routing\Dispatcher.php(161): Dispatcher->_invoke(Object(TaxonomiesController), Object(CakeRequest), Object(CakeResponse))
#4 D:\server\alfa\app\webroot\index.php(92): Dispatcher->dispatch(Object(CakeRequest), Object(CakeResponse))
#5 {main}
2012-11-28 12:00:52 Error: [MissingHelperException] Helper class AdminHelper could not be found.
#0 D:\server\alfa\lib\Cake\View\HelperCollection.php(65): HelperCollection->load('Taxonomy.Admin')
#1 D:\server\alfa\lib\Cake\View\View.php(813): HelperCollection->__isset('Admin')
#2 D:\server\alfa\app\Plugin\Painel\View\Layouts\admin.ctp(28): View->__get('Admin')
#3 D:\server\alfa\lib\Cake\View\View.php(921): include('D:\server\alfa\...')
#4 D:\server\alfa\lib\Cake\View\View.php(884): View->_evaluate('D:\server\alfa\...', Array)
#5 D:\server\alfa\lib\Cake\View\View.php(540): View->_render('D:\server\alfa\...')
#6 D:\server\alfa\lib\Cake\View\View.php(484): View->renderLayout('', 'Painel.admin')
#7 D:\server\alfa\lib\Cake\Controller\Controller.php(956): View->render(NULL, NULL)
#8 D:\server\alfa\lib\Cake\Routing\Dispatcher.php(193): Controller->render()
#9 D:\server\alfa\lib\Cake\Routing\Dispatcher.php(161): Dispatcher->_invoke(Object(TaxonomiesController), Object(CakeRequest), Object(CakeResponse))
#10 D:\server\alfa\app\webroot\index.php(92): Dispatcher->dispatch(Object(CakeRequest), Object(CakeResponse))
#11 {main}
2012-11-28 13:33:21 Error: [MissingHelperException] Helper class AdminHelper could not be found.
#0 D:\server\alfa\lib\Cake\View\HelperCollection.php(65): HelperCollection->load('Taxonomy.Admin')
#1 D:\server\alfa\lib\Cake\View\View.php(813): HelperCollection->__isset('Admin')
#2 D:\server\alfa\app\Plugin\Painel\View\Layouts\admin.ctp(28): View->__get('Admin')
#3 D:\server\alfa\lib\Cake\View\View.php(921): include('D:\server\alfa\...')
#4 D:\server\alfa\lib\Cake\View\View.php(884): View->_evaluate('D:\server\alfa\...', Array)
#5 D:\server\alfa\lib\Cake\View\View.php(540): View->_render('D:\server\alfa\...')
#6 D:\server\alfa\lib\Cake\View\View.php(484): View->renderLayout('', 'Painel.admin')
#7 D:\server\alfa\lib\Cake\Controller\Controller.php(956): View->render(NULL, NULL)
#8 D:\server\alfa\lib\Cake\Routing\Dispatcher.php(193): Controller->render()
#9 D:\server\alfa\lib\Cake\Routing\Dispatcher.php(161): Dispatcher->_invoke(Object(TaxonomiesController), Object(CakeRequest), Object(CakeResponse))
#10 D:\server\alfa\app\webroot\index.php(92): Dispatcher->dispatch(Object(CakeRequest), Object(CakeResponse))
#11 {main}
2012-11-28 15:59:42 Error: [MissingTableException] Table taxonomies for model Taxonomy was not found in datasource default.
#0 D:\server\alfa\lib\Cake\Model\Model.php(3179): Model->setSource('taxonomies')
#1 D:\server\alfa\lib\Cake\Model\Model.php(1301): Model->getDataSource()
#2 D:\server\alfa\lib\Cake\View\Helper\FormHelper.php(197): Model->schema()
#3 D:\server\alfa\lib\Cake\View\Helper\FormHelper.php(438): FormHelper->_introspectModel('Taxonomy', 'fields')
#4 D:\server\alfa\app\Plugin\Taxonomy\View\Taxonomies\admin_editor.ctp(1): FormHelper->create('Taxonomy', Array)
#5 D:\server\alfa\lib\Cake\View\View.php(921): include('D:\server\alfa\...')
#6 D:\server\alfa\lib\Cake\View\View.php(884): View->_evaluate('D:\server\alfa\...', Array)
#7 D:\server\alfa\lib\Cake\View\View.php(476): View->_render('D:\server\alfa\...')
#8 D:\server\alfa\lib\Cake\Controller\Controller.php(956): View->render(NULL, NULL)
#9 D:\server\alfa\lib\Cake\Routing\Dispatcher.php(193): Controller->render()
#10 D:\server\alfa\lib\Cake\Routing\Dispatcher.php(161): Dispatcher->_invoke(Object(TaxonomiesController), Object(CakeRequest), Object(CakeResponse))
#11 D:\server\alfa\app\webroot\index.php(92): Dispatcher->dispatch(Object(CakeRequest), Object(CakeResponse))
#12 {main}
2012-11-28 16:18:00 Error: Fatal Error (4): syntax error, unexpected '&', expecting ']' in [D:\server\alfa\app\Plugin\Painel\Model\Behavior\SlugBehavior.php, line 7]
2012-11-28 16:18:00 Error: [FatalErrorException] syntax error, unexpected '&', expecting ']'
#0 D:\server\alfa\lib\Cake\Error\ErrorHandler.php(161): ErrorHandler::handleFatalError(4, 'syntax error, u...', 'D:\server\alfa\...', 7)
#1 [internal function]: ErrorHandler::handleError(4, 'syntax error, u...', 'D:\server\alfa\...', 7, Array)
#2 D:\server\alfa\lib\Cake\Core\App.php(926): call_user_func('ErrorHandler::h...', 4, 'syntax error, u...', 'D:\server\alfa\...', 7, Array)
#3 D:\server\alfa\lib\Cake\Core\App.php(899): App::_checkFatalError()
#4 [internal function]: App::shutdown()
#5 {main}
2012-11-28 16:37:53 Error: Fatal Error (1): Call to undefined method SlugBehavior::find() in [D:\server\alfa\app\Plugin\Painel\Model\Behavior\SlugBehavior.php, line 12]
2012-11-28 16:37:53 Error: [FatalErrorException] Call to undefined method SlugBehavior::find()
#0 D:\server\alfa\lib\Cake\Error\ErrorHandler.php(161): ErrorHandler::handleFatalError(1, 'Call to undefin...', 'D:\server\alfa\...', 12)
#1 [internal function]: ErrorHandler::handleError(1, 'Call to undefin...', 'D:\server\alfa\...', 12, Array)
#2 D:\server\alfa\lib\Cake\Core\App.php(926): call_user_func('ErrorHandler::h...', 1, 'Call to undefin...', 'D:\server\alfa\...', 12, Array)
#3 D:\server\alfa\lib\Cake\Core\App.php(899): App::_checkFatalError()
#4 [internal function]: App::shutdown()
#5 {main}
2012-11-28 16:42:45 Error: Fatal Error (4): syntax error, unexpected ';' in [D:\server\alfa\app\Plugin\Painel\Model\Behavior\SlugBehavior.php, line 12]
2012-11-28 16:42:45 Error: [FatalErrorException] syntax error, unexpected ';'
#0 D:\server\alfa\lib\Cake\Error\ErrorHandler.php(161): ErrorHandler::handleFatalError(4, 'syntax error, u...', 'D:\server\alfa\...', 12)
#1 [internal function]: ErrorHandler::handleError(4, 'syntax error, u...', 'D:\server\alfa\...', 12, Array)
#2 D:\server\alfa\lib\Cake\Core\App.php(926): call_user_func('ErrorHandler::h...', 4, 'syntax error, u...', 'D:\server\alfa\...', 12, Array)
#3 D:\server\alfa\lib\Cake\Core\App.php(899): App::_checkFatalError()
#4 [internal function]: App::shutdown()
#5 {main}
2012-11-28 17:32:42 Error: [MissingControllerException] Controller class TaxonomyController could not be found.
#0 D:\server\alfa\app\webroot\index.php(92): Dispatcher->dispatch(Object(CakeRequest), Object(CakeResponse))
#1 {main}
2012-11-29 08:29:10 Error: [MissingControllerException] Controller class EnsinosController could not be found.
#0 D:\server\alfa\app\webroot\index.php(92): Dispatcher->dispatch(Object(CakeRequest), Object(CakeResponse))
#1 {main}
2012-11-29 09:12:58 Error: [MissingViewException] View file "D:\server\alfa\app\Plugin\Taxonomy\View\Terms\admin_index.ctp" is missing.
#0 D:\server\alfa\lib\Cake\View\View.php(473): View->_getViewFileName(NULL)
#1 D:\server\alfa\lib\Cake\Controller\Controller.php(956): View->render(NULL, NULL)
#2 D:\server\alfa\lib\Cake\Routing\Dispatcher.php(193): Controller->render()
#3 D:\server\alfa\lib\Cake\Routing\Dispatcher.php(161): Dispatcher->_invoke(Object(TermsController), Object(CakeRequest), Object(CakeResponse))
#4 D:\server\alfa\app\webroot\index.php(92): Dispatcher->dispatch(Object(CakeRequest), Object(CakeResponse))
#5 {main}
2012-11-29 09:17:43 Error: [MissingViewException] View file "D:\server\alfa\app\Plugin\Taxonomy\View\Terms\admin_add.ctp" is missing.
#0 D:\server\alfa\lib\Cake\View\View.php(473): View->_getViewFileName(NULL)
#1 D:\server\alfa\lib\Cake\Controller\Controller.php(956): View->render(NULL, NULL)
#2 D:\server\alfa\lib\Cake\Routing\Dispatcher.php(193): Controller->render()
#3 D:\server\alfa\lib\Cake\Routing\Dispatcher.php(161): Dispatcher->_invoke(Object(TermsController), Object(CakeRequest), Object(CakeResponse))
#4 D:\server\alfa\app\webroot\index.php(92): Dispatcher->dispatch(Object(CakeRequest), Object(CakeResponse))
#5 {main}
2012-11-29 09:18:43 Error: [MissingViewException] View file "D:\server\alfa\app\Plugin\Taxonomy\View\Terms\admin_add.ctp" is missing.
#0 D:\server\alfa\lib\Cake\View\View.php(473): View->_getViewFileName(NULL)
#1 D:\server\alfa\lib\Cake\Controller\Controller.php(956): View->render(NULL, NULL)
#2 D:\server\alfa\lib\Cake\Routing\Dispatcher.php(193): Controller->render()
#3 D:\server\alfa\lib\Cake\Routing\Dispatcher.php(161): Dispatcher->_invoke(Object(TermsController), Object(CakeRequest), Object(CakeResponse))
#4 D:\server\alfa\app\webroot\index.php(92): Dispatcher->dispatch(Object(CakeRequest), Object(CakeResponse))
#5 {main}
2012-11-29 09:25:14 Error: [MissingViewException] View file "D:\server\alfa\app\Plugin\Taxonomy\View\Terms\admin_editor.ctp" is missing.
#0 D:\server\alfa\lib\Cake\View\View.php(473): View->_getViewFileName(NULL)
#1 D:\server\alfa\lib\Cake\Controller\Controller.php(956): View->render(NULL, NULL)
#2 D:\server\alfa\lib\Cake\Routing\Dispatcher.php(193): Controller->render()
#3 D:\server\alfa\lib\Cake\Routing\Dispatcher.php(161): Dispatcher->_invoke(Object(TermsController), Object(CakeRequest), Object(CakeResponse))
#4 D:\server\alfa\app\webroot\index.php(92): Dispatcher->dispatch(Object(CakeRequest), Object(CakeResponse))
#5 {main}
2012-11-29 09:41:15 Error: [PDOException] SQLSTATE[23000]: Integrity constraint violation: 1052 Column 'slug' in where clause is ambiguous
#0 D:\server\alfa\lib\Cake\Model\Datasource\DboSource.php(459): PDOStatement->execute(Array)
#1 D:\server\alfa\lib\Cake\Model\Datasource\DboSource.php(425): DboSource->_execute('SELECT `Term`.`...', Array)
#2 D:\server\alfa\lib\Cake\Model\Datasource\DboSource.php(669): DboSource->execute('SELECT `Term`.`...', Array, Array)
#3 D:\server\alfa\lib\Cake\Model\Datasource\DboSource.php(1080): DboSource->fetchAll('SELECT `Term`.`...', false)
#4 D:\server\alfa\lib\Cake\Model\Model.php(2630): DboSource->read(Object(Term), Array)
#5 D:\server\alfa\app\Plugin\Painel\Model\Behavior\SlugBehavior.php(12): Model->find('first', Array)
#6 [internal function]: SlugBehavior->beforeSave(Object(Term), Array)
#7 D:\server\alfa\lib\Cake\Utility\ObjectCollection.php(130): call_user_func_array(Array, Array)
#8 [internal function]: ObjectCollection->trigger(Object(CakeEvent))
#9 D:\server\alfa\lib\Cake\Event\CakeEventManager.php(246): call_user_func(Array, Object(CakeEvent))
#10 D:\server\alfa\lib\Cake\Model\Model.php(1669): CakeEventManager->dispatch(Object(CakeEvent))
#11 D:\server\alfa\app\Plugin\Taxonomy\Controller\TermsController.php(18): Model->save(Array)
#12 [internal function]: TermsController->admin_add('50b73f8c-799c-4...')
#13 D:\server\alfa\lib\Cake\Controller\Controller.php(485): ReflectionMethod->invokeArgs(Object(TermsController), Array)
#14 D:\server\alfa\lib\Cake\Routing\Dispatcher.php(186): Controller->invokeAction(Object(CakeRequest))
#15 D:\server\alfa\lib\Cake\Routing\Dispatcher.php(161): Dispatcher->_invoke(Object(TermsController), Object(CakeRequest), Object(CakeResponse))
#16 D:\server\alfa\app\webroot\index.php(92): Dispatcher->dispatch(Object(CakeRequest), Object(CakeResponse))
#17 {main}
2012-11-29 09:56:27 Error: [PDOException] SQLSTATE[23000]: Integrity constraint violation: 1052 Column 'slug' in where clause is ambiguous
#0 D:\server\alfa\lib\Cake\Model\Datasource\DboSource.php(459): PDOStatement->execute(Array)
#1 D:\server\alfa\lib\Cake\Model\Datasource\DboSource.php(425): DboSource->_execute('SELECT `Term`.`...', Array)
#2 D:\server\alfa\lib\Cake\Model\Datasource\DboSource.php(669): DboSource->execute('SELECT `Term`.`...', Array, Array)
#3 D:\server\alfa\lib\Cake\Model\Datasource\DboSource.php(1080): DboSource->fetchAll('SELECT `Term`.`...', false)
#4 D:\server\alfa\lib\Cake\Model\Model.php(2630): DboSource->read(Object(Term), Array)
#5 D:\server\alfa\app\Plugin\Painel\Model\Behavior\SlugBehavior.php(12): Model->find('first', Array)
#6 [internal function]: SlugBehavior->beforeSave(Object(Term), Array)
#7 D:\server\alfa\lib\Cake\Utility\ObjectCollection.php(130): call_user_func_array(Array, Array)
#8 [internal function]: ObjectCollection->trigger(Object(CakeEvent))
#9 D:\server\alfa\lib\Cake\Event\CakeEventManager.php(246): call_user_func(Array, Object(CakeEvent))
#10 D:\server\alfa\lib\Cake\Model\Model.php(1669): CakeEventManager->dispatch(Object(CakeEvent))
#11 D:\server\alfa\app\Plugin\Taxonomy\Controller\TermsController.php(19): Model->save(Array)
#12 [internal function]: TermsController->admin_add('50b73f8c-799c-4...')
#13 D:\server\alfa\lib\Cake\Controller\Controller.php(485): ReflectionMethod->invokeArgs(Object(TermsController), Array)
#14 D:\server\alfa\lib\Cake\Routing\Dispatcher.php(186): Controller->invokeAction(Object(CakeRequest))
#15 D:\server\alfa\lib\Cake\Routing\Dispatcher.php(161): Dispatcher->_invoke(Object(TermsController), Object(CakeRequest), Object(CakeResponse))
#16 D:\server\alfa\app\webroot\index.php(92): Dispatcher->dispatch(Object(CakeRequest), Object(CakeResponse))
#17 {main}
2012-11-29 09:57:34 Error: [PDOException] SQLSTATE[23000]: Integrity constraint violation: 1052 Column 'slug' in where clause is ambiguous
#0 D:\server\alfa\lib\Cake\Model\Datasource\DboSource.php(459): PDOStatement->execute(Array)
#1 D:\server\alfa\lib\Cake\Model\Datasource\DboSource.php(425): DboSource->_execute('SELECT `Term`.`...', Array)
#2 D:\server\alfa\lib\Cake\Model\Datasource\DboSource.php(669): DboSource->execute('SELECT `Term`.`...', Array, Array)
#3 D:\server\alfa\lib\Cake\Model\Datasource\DboSource.php(1080): DboSource->fetchAll('SELECT `Term`.`...', false)
#4 D:\server\alfa\lib\Cake\Model\Model.php(2630): DboSource->read(Object(Term), Array)
#5 D:\server\alfa\app\Plugin\Painel\Model\Behavior\SlugBehavior.php(12): Model->find('first', Array)
#6 [internal function]: SlugBehavior->beforeSave(Object(Term), Array)
#7 D:\server\alfa\lib\Cake\Utility\ObjectCollection.php(130): call_user_func_array(Array, Array)
#8 [internal function]: ObjectCollection->trigger(Object(CakeEvent))
#9 D:\server\alfa\lib\Cake\Event\CakeEventManager.php(246): call_user_func(Array, Object(CakeEvent))
#10 D:\server\alfa\lib\Cake\Model\Model.php(1669): CakeEventManager->dispatch(Object(CakeEvent))
#11 D:\server\alfa\app\Plugin\Taxonomy\Controller\TermsController.php(19): Model->save(Array)
#12 [internal function]: TermsController->admin_add('50b73f8c-799c-4...')
#13 D:\server\alfa\lib\Cake\Controller\Controller.php(485): ReflectionMethod->invokeArgs(Object(TermsController), Array)
#14 D:\server\alfa\lib\Cake\Routing\Dispatcher.php(186): Controller->invokeAction(Object(CakeRequest))
#15 D:\server\alfa\lib\Cake\Routing\Dispatcher.php(161): Dispatcher->_invoke(Object(TermsController), Object(CakeRequest), Object(CakeResponse))
#16 D:\server\alfa\app\webroot\index.php(92): Dispatcher->dispatch(Object(CakeRequest), Object(CakeResponse))
#17 {main}
2012-11-29 09:57:45 Error: [PDOException] SQLSTATE[23000]: Integrity constraint violation: 1052 Column 'slug' in where clause is ambiguous
#0 D:\server\alfa\lib\Cake\Model\Datasource\DboSource.php(459): PDOStatement->execute(Array)
#1 D:\server\alfa\lib\Cake\Model\Datasource\DboSource.php(425): DboSource->_execute('SELECT `Term`.`...', Array)
#2 D:\server\alfa\lib\Cake\Model\Datasource\DboSource.php(669): DboSource->execute('SELECT `Term`.`...', Array, Array)
#3 D:\server\alfa\lib\Cake\Model\Datasource\DboSource.php(1080): DboSource->fetchAll('SELECT `Term`.`...', false)
#4 D:\server\alfa\lib\Cake\Model\Model.php(2630): DboSource->read(Object(Term), Array)
#5 D:\server\alfa\app\Plugin\Painel\Model\Behavior\SlugBehavior.php(12): Model->find('first', Array)
#6 [internal function]: SlugBehavior->beforeSave(Object(Term), Array)
#7 D:\server\alfa\lib\Cake\Utility\ObjectCollection.php(130): call_user_func_array(Array, Array)
#8 [internal function]: ObjectCollection->trigger(Object(CakeEvent))
#9 D:\server\alfa\lib\Cake\Event\CakeEventManager.php(246): call_user_func(Array, Object(CakeEvent))
#10 D:\server\alfa\lib\Cake\Model\Model.php(1669): CakeEventManager->dispatch(Object(CakeEvent))
#11 D:\server\alfa\app\Plugin\Taxonomy\Controller\TermsController.php(19): Model->save(Array)
#12 [internal function]: TermsController->admin_add('50b73f8c-799c-4...')
#13 D:\server\alfa\lib\Cake\Controller\Controller.php(485): ReflectionMethod->invokeArgs(Object(TermsController), Array)
#14 D:\server\alfa\lib\Cake\Routing\Dispatcher.php(186): Controller->invokeAction(Object(CakeRequest))
#15 D:\server\alfa\lib\Cake\Routing\Dispatcher.php(161): Dispatcher->_invoke(Object(TermsController), Object(CakeRequest), Object(CakeResponse))
#16 D:\server\alfa\app\webroot\index.php(92): Dispatcher->dispatch(Object(CakeRequest), Object(CakeResponse))
#17 {main}
2012-11-29 10:53:29 Error: [MissingViewException] View file "D:\server\alfa\app\Plugin\Taxonomy\View\Terms\admin_edit.ctp" is missing.
#0 D:\server\alfa\lib\Cake\View\View.php(473): View->_getViewFileName(NULL)
#1 D:\server\alfa\lib\Cake\Controller\Controller.php(956): View->render(NULL, NULL)
#2 D:\server\alfa\lib\Cake\Routing\Dispatcher.php(193): Controller->render()
#3 D:\server\alfa\lib\Cake\Routing\Dispatcher.php(161): Dispatcher->_invoke(Object(TermsController), Object(CakeRequest), Object(CakeResponse))
#4 D:\server\alfa\app\webroot\index.php(92): Dispatcher->dispatch(Object(CakeRequest), Object(CakeResponse))
#5 {main}
2012-11-29 10:53:53 Error: [MissingViewException] View file "D:\server\alfa\app\Plugin\Taxonomy\View\Terms\admin_delete.ctp" is missing.
#0 D:\server\alfa\lib\Cake\View\View.php(473): View->_getViewFileName(NULL)
#1 D:\server\alfa\lib\Cake\Controller\Controller.php(956): View->render(NULL, NULL)
#2 D:\server\alfa\lib\Cake\Routing\Dispatcher.php(193): Controller->render()
#3 D:\server\alfa\lib\Cake\Routing\Dispatcher.php(161): Dispatcher->_invoke(Object(TermsController), Object(CakeRequest), Object(CakeResponse))
#4 D:\server\alfa\app\webroot\index.php(92): Dispatcher->dispatch(Object(CakeRequest), Object(CakeResponse))
#5 {main}
2012-11-29 10:54:16 Error: [MissingViewException] View file "D:\server\alfa\app\Plugin\Taxonomy\View\Terms\admin_edit.ctp" is missing.
#0 D:\server\alfa\lib\Cake\View\View.php(473): View->_getViewFileName(NULL)
#1 D:\server\alfa\lib\Cake\Controller\Controller.php(956): View->render(NULL, NULL)
#2 D:\server\alfa\lib\Cake\Routing\Dispatcher.php(193): Controller->render()
#3 D:\server\alfa\lib\Cake\Routing\Dispatcher.php(161): Dispatcher->_invoke(Object(TermsController), Object(CakeRequest), Object(CakeResponse))
#4 D:\server\alfa\app\webroot\index.php(92): Dispatcher->dispatch(Object(CakeRequest), Object(CakeResponse))
#5 {main}
2012-11-29 11:47:13 Error: Fatal Error (4): syntax error, unexpected T_STRING in [D:\server\alfa\app\Plugin\Taxonomy\Controller\TaxonomiesController.php, line 21]
2012-11-29 11:47:13 Error: [FatalErrorException] syntax error, unexpected T_STRING
#0 D:\server\alfa\lib\Cake\Error\ErrorHandler.php(161): ErrorHandler::handleFatalError(4, 'syntax error, u...', 'D:\server\alfa\...', 21)
#1 [internal function]: ErrorHandler::handleError(4, 'syntax error, u...', 'D:\server\alfa\...', 21, Array)
#2 D:\server\alfa\lib\Cake\Core\App.php(926): call_user_func('ErrorHandler::h...', 4, 'syntax error, u...', 'D:\server\alfa\...', 21, Array)
#3 D:\server\alfa\lib\Cake\Core\App.php(899): App::_checkFatalError()
#4 [internal function]: App::shutdown()
#5 {main}
2012-11-29 11:48:17 Error: Fatal Error (4): syntax error, unexpected T_STRING in [D:\server\alfa\app\Plugin\Taxonomy\Controller\TaxonomiesController.php, line 25]
2012-11-29 11:48:17 Error: [FatalErrorException] syntax error, unexpected T_STRING
#0 D:\server\alfa\lib\Cake\Error\ErrorHandler.php(161): ErrorHandler::handleFatalError(4, 'syntax error, u...', 'D:\server\alfa\...', 25)
#1 [internal function]: ErrorHandler::handleError(4, 'syntax error, u...', 'D:\server\alfa\...', 25, Array)
#2 D:\server\alfa\lib\Cake\Core\App.php(926): call_user_func('ErrorHandler::h...', 4, 'syntax error, u...', 'D:\server\alfa\...', 25, Array)
#3 D:\server\alfa\lib\Cake\Core\App.php(899): App::_checkFatalError()
#4 [internal function]: App::shutdown()
#5 {main}
2012-11-29 14:01:55 Error: [PDOException] SQLSTATE[42S22]: Column not found: 1054 Unknown column 'Array' in 'field list'
#0 D:\server\alfa\lib\Cake\Model\Datasource\DboSource.php(459): PDOStatement->execute(Array)
#1 D:\server\alfa\lib\Cake\Model\Datasource\DboSource.php(425): DboSource->_execute('INSERT INTO `al...', Array)
#2 D:\server\alfa\lib\Cake\Model\Datasource\DboSource.php(1007): DboSource->execute('INSERT INTO `al...')
#3 D:\server\alfa\lib\Cake\Model\Model.php(1730): DboSource->create(Object(Noticia), Array, Array)
#4 D:\server\alfa\app\Plugin\Noticias\Controller\NoticiasController.php(15): Model->save(Array)
#5 [internal function]: NoticiasController->admin_add()
#6 D:\server\alfa\lib\Cake\Controller\Controller.php(485): ReflectionMethod->invokeArgs(Object(NoticiasController), Array)
#7 D:\server\alfa\lib\Cake\Routing\Dispatcher.php(186): Controller->invokeAction(Object(CakeRequest))
#8 D:\server\alfa\lib\Cake\Routing\Dispatcher.php(161): Dispatcher->_invoke(Object(NoticiasController), Object(CakeRequest), Object(CakeResponse))
#9 D:\server\alfa\app\webroot\index.php(92): Dispatcher->dispatch(Object(CakeRequest), Object(CakeResponse))
#10 {main}
2012-11-29 14:02:25 Error: [PDOException] SQLSTATE[42S22]: Column not found: 1054 Unknown column 'Array' in 'field list'
#0 D:\server\alfa\lib\Cake\Model\Datasource\DboSource.php(459): PDOStatement->execute(Array)
#1 D:\server\alfa\lib\Cake\Model\Datasource\DboSource.php(425): DboSource->_execute('INSERT INTO `al...', Array)
#2 D:\server\alfa\lib\Cake\Model\Datasource\DboSource.php(1007): DboSource->execute('INSERT INTO `al...')
#3 D:\server\alfa\lib\Cake\Model\Model.php(1730): DboSource->create(Object(Noticia), Array, Array)
#4 D:\server\alfa\app\Plugin\Noticias\Controller\NoticiasController.php(15): Model->save(Array)
#5 [internal function]: NoticiasController->admin_add()
#6 D:\server\alfa\lib\Cake\Controller\Controller.php(485): ReflectionMethod->invokeArgs(Object(NoticiasController), Array)
#7 D:\server\alfa\lib\Cake\Routing\Dispatcher.php(186): Controller->invokeAction(Object(CakeRequest))
#8 D:\server\alfa\lib\Cake\Routing\Dispatcher.php(161): Dispatcher->_invoke(Object(NoticiasController), Object(CakeRequest), Object(CakeResponse))
#9 D:\server\alfa\app\webroot\index.php(92): Dispatcher->dispatch(Object(CakeRequest), Object(CakeResponse))
#10 {main}
2012-11-29 14:03:14 Error: [MissingControllerException] Controller class EditController could not be found.
#0 D:\server\alfa\app\webroot\index.php(92): Dispatcher->dispatch(Object(CakeRequest), Object(CakeResponse))
#1 {main}
2012-11-29 14:20:11 Error: Fatal Error (1): Call to a member function edit() on a non-object in [D:\server\alfa\app\Plugin\Noticias\View\Noticias\admin_index.ctp, line 20]
2012-11-29 14:20:11 Error: [FatalErrorException] Call to a member function edit() on a non-object
#0 D:\server\alfa\lib\Cake\Error\ErrorHandler.php(161): ErrorHandler::handleFatalError(1, 'Call to a membe...', 'D:\server\alfa\...', 20)
#1 [internal function]: ErrorHandler::handleError(1, 'Call to a membe...', 'D:\server\alfa\...', 20, Array)
#2 D:\server\alfa\lib\Cake\Core\App.php(926): call_user_func('ErrorHandler::h...', 1, 'Call to a membe...', 'D:\server\alfa\...', 20, Array)
#3 D:\server\alfa\lib\Cake\Core\App.php(899): App::_checkFatalError()
#4 [internal function]: App::shutdown()
#5 {main}
2012-11-29 14:31:06 Error: Fatal Error (4): syntax error, unexpected '<' in [D:\server\alfa\app\Plugin\Noticias\View\Noticias\admin_index.ctp, line 2]
2012-11-29 14:31:06 Error: [FatalErrorException] syntax error, unexpected '<'
#0 D:\server\alfa\lib\Cake\Error\ErrorHandler.php(161): ErrorHandler::handleFatalError(4, 'syntax error, u...', 'D:\server\alfa\...', 2)
#1 [internal function]: ErrorHandler::handleError(4, 'syntax error, u...', 'D:\server\alfa\...', 2, Array)
#2 D:\server\alfa\lib\Cake\Core\App.php(926): call_user_func('ErrorHandler::h...', 4, 'syntax error, u...', 'D:\server\alfa\...', 2, Array)
#3 D:\server\alfa\lib\Cake\Core\App.php(899): App::_checkFatalError()
#4 [internal function]: App::shutdown()
#5 {main}
2012-11-30 09:24:36 Error: [MissingPluginException] Plugin Taxonomy could not be found.
#0 D:\server\alfa\app\Config\bootstrap.php(3): CakePlugin::load('Taxonomy', Array)
#1 D:\server\alfa\lib\Cake\Core\Configure.php(92): include('D:\server\alfa\...')
#2 D:\server\alfa\lib\Cake\bootstrap.php(146): Configure::bootstrap(true)
#3 D:\server\alfa\app\webroot\index.php(77): include('D:\server\alfa\...')
#4 {main}
2012-11-30 09:24:36 Error: [MissingPluginException] Plugin Taxonomy could not be found.
#0 D:\server\alfa\app\Config\bootstrap.php(3): CakePlugin::load('Taxonomy', Array)
#1 D:\server\alfa\lib\Cake\Core\Configure.php(92): include('D:\server\alfa\...')
#2 D:\server\alfa\lib\Cake\bootstrap.php(146): Configure::bootstrap(true)
#3 D:\server\alfa\app\webroot\index.php(77): include('D:\server\alfa\...')
#4 {main}
2012-11-30 09:25:10 Error: [MissingHelperException] Helper class AdminHelper could not be found.
#0 D:\server\alfa\lib\Cake\View\HelperCollection.php(65): HelperCollection->load('Taxonomies.Admi...')
#1 D:\server\alfa\lib\Cake\View\View.php(813): HelperCollection->__isset('Admin')
#2 D:\server\alfa\app\Plugin\Painel\View\Layouts\admin.ctp(30): View->__get('Admin')
#3 D:\server\alfa\lib\Cake\View\View.php(921): include('D:\server\alfa\...')
#4 D:\server\alfa\lib\Cake\View\View.php(884): View->_evaluate('D:\server\alfa\...', Array)
#5 D:\server\alfa\lib\Cake\View\View.php(540): View->_render('D:\server\alfa\...')
#6 D:\server\alfa\lib\Cake\View\View.php(484): View->renderLayout('', 'Painel.admin')
#7 D:\server\alfa\lib\Cake\Controller\Controller.php(956): View->render(NULL, NULL)
#8 D:\server\alfa\lib\Cake\Routing\Dispatcher.php(193): Controller->render()
#9 D:\server\alfa\lib\Cake\Routing\Dispatcher.php(161): Dispatcher->_invoke(Object(CategoriasController), Object(CakeRequest), Object(CakeResponse))
#10 D:\server\alfa\app\webroot\index.php(92): Dispatcher->dispatch(Object(CakeRequest), Object(CakeResponse))
#11 {main}
2012-11-30 09:30:06 Error: [MissingModelException] Cateogoria
#0 D:\server\alfa\lib\Cake\Controller\Controller.php(1081): PaginatorComponent->paginate('Cateogoria', Array, Array)
#1 D:\server\alfa\app\Plugin\Taxonomies\Controller\CategoriasController.php(8): Controller->paginate('Cateogoria')
#2 [internal function]: CategoriasController->admin_index()
#3 D:\server\alfa\lib\Cake\Controller\Controller.php(485): ReflectionMethod->invokeArgs(Object(CategoriasController), Array)
#4 D:\server\alfa\lib\Cake\Routing\Dispatcher.php(186): Controller->invokeAction(Object(CakeRequest))
#5 D:\server\alfa\lib\Cake\Routing\Dispatcher.php(161): Dispatcher->_invoke(Object(CategoriasController), Object(CakeRequest), Object(CakeResponse))
#6 D:\server\alfa\app\webroot\index.php(92): Dispatcher->dispatch(Object(CakeRequest), Object(CakeResponse))
#7 {main}
2012-11-30 09:34:15 Error: Fatal Error (1): Call to undefined method CakeResponse::is() in [D:\server\alfa\app\Plugin\Taxonomies\Controller\CategoriasController.php, line 16]
2012-11-30 09:34:15 Error: [FatalErrorException] Call to undefined method CakeResponse::is()
#0 D:\server\alfa\lib\Cake\Error\ErrorHandler.php(161): ErrorHandler::handleFatalError(1, 'Call to undefin...', 'D:\server\alfa\...', 16)
#1 [internal function]: ErrorHandler::handleError(1, 'Call to undefin...', 'D:\server\alfa\...', 16, Array)
#2 D:\server\alfa\lib\Cake\Core\App.php(926): call_user_func('ErrorHandler::h...', 1, 'Call to undefin...', 'D:\server\alfa\...', 16, Array)
#3 D:\server\alfa\lib\Cake\Core\App.php(899): App::_checkFatalError()
#4 [internal function]: App::shutdown()
#5 {main}
2012-11-30 09:49:22 Error: [MissingViewException] View file "D:\server\alfa\app\Plugin\Taxonomies\View\Linhas\admin_editor.ctp" is missing.
#0 D:\server\alfa\lib\Cake\View\View.php(473): View->_getViewFileName(NULL)
#1 D:\server\alfa\lib\Cake\Controller\Controller.php(956): View->render(NULL, NULL)
#2 D:\server\alfa\lib\Cake\Routing\Dispatcher.php(193): Controller->render()
#3 D:\server\alfa\lib\Cake\Routing\Dispatcher.php(161): Dispatcher->_invoke(Object(LinhasController), Object(CakeRequest), Object(CakeResponse))
#4 D:\server\alfa\app\webroot\index.php(92): Dispatcher->dispatch(Object(CakeRequest), Object(CakeResponse))
#5 {main}
